\BOOKMARK [-1][-]{part.1}{I Provas do TEAC}{}% 1
\BOOKMARK [0][-]{chapter.1}{TEAC 2013}{part.1}% 2
\BOOKMARK [1][-]{section*.7}{QUEST\303O 01}{chapter.1}% 3
\BOOKMARK [2][-]{section*.8}{QUEST\303O 02}{section*.7}% 4
\BOOKMARK [3][-]{section*.9}{QUEST\303O 03}{section*.8}% 5
\BOOKMARK [3][-]{section*.10}{QUEST\303O 04}{section*.8}% 6
\BOOKMARK [3][-]{section*.11}{QUEST\303O 05}{section*.8}% 7
\BOOKMARK [3][-]{section*.12}{QUEST\303O 06}{section*.8}% 8
\BOOKMARK [3][-]{section*.13}{QUEST\303O 07}{section*.8}% 9
\BOOKMARK [3][-]{section*.14}{QUEST\303O 08}{section*.8}% 10
\BOOKMARK [3][-]{section*.15}{QUEST\303O 09}{section*.8}% 11
\BOOKMARK [3][-]{section*.16}{QUEST\303O 10}{section*.8}% 12
\BOOKMARK [3][-]{section*.17}{QUEST\303O 11}{section*.8}% 13
\BOOKMARK [3][-]{section*.18}{QUEST\303O 12}{section*.8}% 14
\BOOKMARK [3][-]{section*.19}{QUEST\303O 13}{section*.8}% 15
\BOOKMARK [3][-]{section*.20}{QUEST\303O 14}{section*.8}% 16
\BOOKMARK [3][-]{section*.21}{QUEST\303O 15}{section*.8}% 17
\BOOKMARK [3][-]{section*.22}{QUEST\303O 16}{section*.8}% 18
\BOOKMARK [3][-]{section*.23}{QUEST\303O 17}{section*.8}% 19
\BOOKMARK [3][-]{section*.24}{QUEST\303O 18}{section*.8}% 20
\BOOKMARK [3][-]{section*.25}{QUEST\303O 19}{section*.8}% 21
\BOOKMARK [3][-]{section*.26}{QUEST\303O 20}{section*.8}% 22
\BOOKMARK [3][-]{section*.27}{QUEST\303O 21}{section*.8}% 23
\BOOKMARK [3][-]{section*.28}{QUEST\303O 22}{section*.8}% 24
\BOOKMARK [3][-]{section*.29}{QUEST\303O 23}{section*.8}% 25
\BOOKMARK [3][-]{section*.30}{QUEST\303O 24}{section*.8}% 26
\BOOKMARK [3][-]{section*.31}{QUEST\303O 25}{section*.8}% 27
\BOOKMARK [3][-]{section*.32}{QUEST\303O 26}{section*.8}% 28
\BOOKMARK [3][-]{section*.33}{QUEST\303O 27}{section*.8}% 29
\BOOKMARK [3][-]{section*.34}{QUEST\303O 28}{section*.8}% 30
\BOOKMARK [3][-]{section*.35}{QUEST\303O 29}{section*.8}% 31
\BOOKMARK [3][-]{section*.36}{QUEST\303O 30}{section*.8}% 32
\BOOKMARK [3][-]{section*.37}{QUEST\303O 31}{section*.8}% 33
\BOOKMARK [3][-]{section*.38}{QUEST\303O 32}{section*.8}% 34
\BOOKMARK [3][-]{section*.39}{QUEST\303O 33}{section*.8}% 35
\BOOKMARK [3][-]{section*.40}{QUEST\303O 34}{section*.8}% 36
\BOOKMARK [3][-]{section*.41}{QUEST\303O 35}{section*.8}% 37
\BOOKMARK [3][-]{section*.42}{QUEST\303O 36}{section*.8}% 38
\BOOKMARK [3][-]{section*.43}{QUEST\303O 37}{section*.8}% 39
\BOOKMARK [3][-]{section*.44}{QUEST\303O 38}{section*.8}% 40
\BOOKMARK [3][-]{section*.45}{QUEST\303O 39}{section*.8}% 41
\BOOKMARK [3][-]{section*.46}{QUEST\303O 40}{section*.8}% 42
\BOOKMARK [3][-]{section*.47}{QUEST\303O 41}{section*.8}% 43
\BOOKMARK [3][-]{section*.48}{QUEST\303O 42}{section*.8}% 44
\BOOKMARK [3][-]{section*.49}{QUEST\303O 43}{section*.8}% 45
\BOOKMARK [3][-]{section*.50}{QUEST\303O 44}{section*.8}% 46
\BOOKMARK [3][-]{section*.51}{QUEST\303O 45}{section*.8}% 47
\BOOKMARK [3][-]{section*.52}{QUEST\303O 46}{section*.8}% 48
\BOOKMARK [3][-]{section*.53}{QUEST\303O 47}{section*.8}% 49
\BOOKMARK [3][-]{section*.54}{QUEST\303O 48}{section*.8}% 50
\BOOKMARK [3][-]{section*.55}{QUEST\303O 49}{section*.8}% 51
\BOOKMARK [3][-]{section*.56}{QUEST\303O 50}{section*.8}% 52
\BOOKMARK [3][-]{section*.57}{QUEST\303O 51}{section*.8}% 53
\BOOKMARK [3][-]{section*.58}{QUEST\303O 52}{section*.8}% 54
\BOOKMARK [3][-]{section*.59}{QUEST\303O 53}{section*.8}% 55
\BOOKMARK [3][-]{section*.60}{QUEST\303O 54}{section*.8}% 56
\BOOKMARK [3][-]{section*.61}{QUEST\303O 55}{section*.8}% 57
\BOOKMARK [3][-]{section*.62}{QUEST\303O 56}{section*.8}% 58
\BOOKMARK [3][-]{section*.63}{QUEST\303O 57}{section*.8}% 59
\BOOKMARK [3][-]{section*.64}{QUEST\303O 58}{section*.8}% 60
\BOOKMARK [3][-]{section*.65}{QUEST\303O 59}{section*.8}% 61
\BOOKMARK [3][-]{section*.66}{QUEST\303O 60}{section*.8}% 62
\BOOKMARK [3][-]{section*.67}{QUEST\303O 61}{section*.8}% 63
\BOOKMARK [3][-]{section*.68}{QUEST\303O 62}{section*.8}% 64
\BOOKMARK [3][-]{section*.69}{QUEST\303O 63}{section*.8}% 65
\BOOKMARK [3][-]{section*.70}{QUEST\303O 64}{section*.8}% 66
\BOOKMARK [3][-]{section*.71}{QUEST\303O 65}{section*.8}% 67
\BOOKMARK [3][-]{section*.72}{QUEST\303O 66}{section*.8}% 68
\BOOKMARK [3][-]{section*.73}{QUEST\303O 67}{section*.8}% 69
\BOOKMARK [3][-]{section*.74}{QUEST\303O 68}{section*.8}% 70
\BOOKMARK [3][-]{section*.75}{QUEST\303O 69}{section*.8}% 71
\BOOKMARK [3][-]{section*.76}{QUEST\303O 70}{section*.8}% 72
\BOOKMARK [0][-]{chapter.2}{TEAC 2014}{part.1}% 73
\BOOKMARK [1][-]{section*.77}{QUEST\303O 01}{chapter.2}% 74
\BOOKMARK [2][-]{section*.78}{QUEST\303O 02}{section*.77}% 75
\BOOKMARK [3][-]{section*.79}{QUEST\303O 03}{section*.78}% 76
\BOOKMARK [3][-]{section*.80}{QUEST\303O 04}{section*.78}% 77
\BOOKMARK [3][-]{section*.81}{QUEST\303O 05}{section*.78}% 78
\BOOKMARK [3][-]{section*.82}{QUEST\303O 06}{section*.78}% 79
\BOOKMARK [3][-]{section*.83}{QUEST\303O 07}{section*.78}% 80
\BOOKMARK [3][-]{section*.84}{QUEST\303O 08}{section*.78}% 81
\BOOKMARK [3][-]{section*.85}{QUEST\303O 09}{section*.78}% 82
\BOOKMARK [3][-]{section*.86}{QUEST\303O 10}{section*.78}% 83
\BOOKMARK [3][-]{section*.87}{QUEST\303O 11}{section*.78}% 84
\BOOKMARK [3][-]{section*.88}{QUEST\303O 12}{section*.78}% 85
\BOOKMARK [3][-]{section*.89}{QUEST\303O 13}{section*.78}% 86
\BOOKMARK [3][-]{section*.90}{QUEST\303O 14}{section*.78}% 87
\BOOKMARK [3][-]{section*.91}{QUEST\303O 15}{section*.78}% 88
\BOOKMARK [3][-]{section*.92}{QUEST\303O 16}{section*.78}% 89
\BOOKMARK [3][-]{section*.93}{QUEST\303O 17}{section*.78}% 90
\BOOKMARK [3][-]{section*.94}{QUEST\303O 18}{section*.78}% 91
\BOOKMARK [3][-]{section*.95}{QUEST\303O 19}{section*.78}% 92
\BOOKMARK [3][-]{section*.96}{QUEST\303O 20}{section*.78}% 93
\BOOKMARK [3][-]{section*.97}{QUEST\303O 21}{section*.78}% 94
\BOOKMARK [3][-]{section*.98}{QUEST\303O 22}{section*.78}% 95
\BOOKMARK [3][-]{section*.99}{QUEST\303O 23}{section*.78}% 96
\BOOKMARK [3][-]{section*.100}{QUEST\303O 24}{section*.78}% 97
\BOOKMARK [3][-]{section*.101}{QUEST\303O 25}{section*.78}% 98
\BOOKMARK [3][-]{section*.102}{QUEST\303O 26}{section*.78}% 99
\BOOKMARK [3][-]{section*.103}{QUEST\303O 27}{section*.78}% 100
\BOOKMARK [3][-]{section*.104}{QUEST\303O 28}{section*.78}% 101
\BOOKMARK [3][-]{section*.105}{QUEST\303O 29}{section*.78}% 102
\BOOKMARK [3][-]{section*.106}{QUEST\303O 30}{section*.78}% 103
\BOOKMARK [3][-]{section*.107}{QUEST\303O 31}{section*.78}% 104
\BOOKMARK [3][-]{section*.108}{QUEST\303O 32}{section*.78}% 105
\BOOKMARK [3][-]{section*.109}{QUEST\303O 33}{section*.78}% 106
\BOOKMARK [3][-]{section*.110}{QUEST\303O 34}{section*.78}% 107
\BOOKMARK [3][-]{section*.111}{QUEST\303O 35}{section*.78}% 108
\BOOKMARK [3][-]{section*.112}{QUEST\303O 36}{section*.78}% 109
\BOOKMARK [3][-]{section*.113}{QUEST\303O 37}{section*.78}% 110
\BOOKMARK [3][-]{section*.114}{QUEST\303O 38}{section*.78}% 111
\BOOKMARK [3][-]{section*.115}{QUEST\303O 39}{section*.78}% 112
\BOOKMARK [3][-]{section*.116}{QUEST\303O 40}{section*.78}% 113
\BOOKMARK [3][-]{section*.117}{QUEST\303O 41}{section*.78}% 114
\BOOKMARK [3][-]{section*.118}{QUEST\303O 42}{section*.78}% 115
\BOOKMARK [3][-]{section*.119}{QUEST\303O 43}{section*.78}% 116
\BOOKMARK [3][-]{section*.120}{QUEST\303O 44}{section*.78}% 117
\BOOKMARK [3][-]{section*.121}{QUEST\303O 45}{section*.78}% 118
\BOOKMARK [3][-]{section*.122}{QUEST\303O 46}{section*.78}% 119
\BOOKMARK [3][-]{section*.123}{QUEST\303O 47}{section*.78}% 120
\BOOKMARK [3][-]{section*.124}{QUEST\303O 48}{section*.78}% 121
\BOOKMARK [3][-]{section*.125}{QUEST\303O 49}{section*.78}% 122
\BOOKMARK [3][-]{section*.126}{QUEST\303O 50}{section*.78}% 123
\BOOKMARK [3][-]{section*.127}{QUEST\303O 51}{section*.78}% 124
\BOOKMARK [3][-]{section*.128}{QUEST\303O 52}{section*.78}% 125
\BOOKMARK [3][-]{section*.129}{QUEST\303O 53}{section*.78}% 126
\BOOKMARK [3][-]{section*.130}{QUEST\303O 54}{section*.78}% 127
\BOOKMARK [3][-]{section*.131}{QUEST\303O 55}{section*.78}% 128
\BOOKMARK [3][-]{section*.132}{QUEST\303O 56}{section*.78}% 129
\BOOKMARK [3][-]{section*.133}{QUEST\303O 57}{section*.78}% 130
\BOOKMARK [3][-]{section*.134}{QUEST\303O 58}{section*.78}% 131
\BOOKMARK [3][-]{section*.135}{QUEST\303O 59}{section*.78}% 132
\BOOKMARK [3][-]{section*.136}{QUEST\303O 60}{section*.78}% 133
\BOOKMARK [3][-]{section*.137}{QUEST\303O 61}{section*.78}% 134
\BOOKMARK [3][-]{section*.138}{QUEST\303O 62}{section*.78}% 135
\BOOKMARK [3][-]{section*.139}{QUEST\303O 63}{section*.78}% 136
\BOOKMARK [3][-]{section*.140}{QUEST\303O 64}{section*.78}% 137
\BOOKMARK [3][-]{section*.141}{QUEST\303O 65}{section*.78}% 138
\BOOKMARK [3][-]{section*.142}{QUEST\303O 66}{section*.78}% 139
\BOOKMARK [3][-]{section*.143}{QUEST\303O 67}{section*.78}% 140
\BOOKMARK [3][-]{section*.144}{QUEST\303O 68}{section*.78}% 141
\BOOKMARK [3][-]{section*.145}{QUEST\303O 69}{section*.78}% 142
\BOOKMARK [3][-]{section*.146}{QUEST\303O 70}{section*.78}% 143
\BOOKMARK [0][-]{chapter.3}{TEAC 2015}{part.1}% 144
\BOOKMARK [1][-]{section*.147}{QUEST\303O 01}{chapter.3}% 145
\BOOKMARK [2][-]{section*.148}{QUEST\303O 02}{section*.147}% 146
\BOOKMARK [3][-]{section*.149}{QUEST\303O 03}{section*.148}% 147
\BOOKMARK [3][-]{section*.150}{QUEST\303O 04}{section*.148}% 148
\BOOKMARK [3][-]{section*.151}{QUEST\303O 05}{section*.148}% 149
\BOOKMARK [3][-]{section*.152}{QUEST\303O 06}{section*.148}% 150
\BOOKMARK [3][-]{section*.153}{QUEST\303O 07}{section*.148}% 151
\BOOKMARK [3][-]{section*.154}{QUEST\303O 08}{section*.148}% 152
\BOOKMARK [3][-]{section*.155}{QUEST\303O 09}{section*.148}% 153
\BOOKMARK [3][-]{section*.156}{QUEST\303O 10}{section*.148}% 154
\BOOKMARK [3][-]{section*.157}{QUEST\303O 11}{section*.148}% 155
\BOOKMARK [3][-]{section*.158}{QUEST\303O 12}{section*.148}% 156
\BOOKMARK [3][-]{section*.159}{QUEST\303O 13}{section*.148}% 157
\BOOKMARK [3][-]{section*.160}{QUEST\303O 14}{section*.148}% 158
\BOOKMARK [3][-]{section*.161}{QUEST\303O 15}{section*.148}% 159
\BOOKMARK [3][-]{section*.162}{QUEST\303O 16}{section*.148}% 160
\BOOKMARK [3][-]{section*.163}{QUEST\303O 17}{section*.148}% 161
\BOOKMARK [3][-]{section*.164}{QUEST\303O 18}{section*.148}% 162
\BOOKMARK [3][-]{section*.165}{QUEST\303O 19}{section*.148}% 163
\BOOKMARK [3][-]{section*.166}{QUEST\303O 20}{section*.148}% 164
\BOOKMARK [3][-]{section*.167}{QUEST\303O 21}{section*.148}% 165
\BOOKMARK [3][-]{section*.168}{QUEST\303O 22}{section*.148}% 166
\BOOKMARK [3][-]{section*.169}{QUEST\303O 23}{section*.148}% 167
\BOOKMARK [3][-]{section*.170}{QUEST\303O 24}{section*.148}% 168
\BOOKMARK [3][-]{section*.171}{QUEST\303O 25}{section*.148}% 169
\BOOKMARK [3][-]{section*.172}{QUEST\303O 26}{section*.148}% 170
\BOOKMARK [3][-]{section*.173}{QUEST\303O 27}{section*.148}% 171
\BOOKMARK [3][-]{section*.174}{QUEST\303O 28}{section*.148}% 172
\BOOKMARK [3][-]{section*.175}{QUEST\303O 29}{section*.148}% 173
\BOOKMARK [3][-]{section*.176}{QUEST\303O 30}{section*.148}% 174
\BOOKMARK [3][-]{section*.177}{QUEST\303O 31}{section*.148}% 175
\BOOKMARK [3][-]{section*.178}{QUEST\303O 32}{section*.148}% 176
\BOOKMARK [3][-]{section*.179}{QUEST\303O 33}{section*.148}% 177
\BOOKMARK [3][-]{section*.180}{QUEST\303O 34}{section*.148}% 178
\BOOKMARK [3][-]{section*.181}{QUEST\303O 35}{section*.148}% 179
\BOOKMARK [3][-]{section*.182}{QUEST\303O 36}{section*.148}% 180
\BOOKMARK [3][-]{section*.183}{QUEST\303O 37}{section*.148}% 181
\BOOKMARK [3][-]{section*.184}{QUEST\303O 38}{section*.148}% 182
\BOOKMARK [3][-]{section*.185}{QUEST\303O 39}{section*.148}% 183
\BOOKMARK [3][-]{section*.186}{QUEST\303O 40}{section*.148}% 184
\BOOKMARK [3][-]{section*.187}{QUEST\303O 41}{section*.148}% 185
\BOOKMARK [3][-]{section*.188}{QUEST\303O 42}{section*.148}% 186
\BOOKMARK [3][-]{section*.189}{QUEST\303O 43}{section*.148}% 187
\BOOKMARK [3][-]{section*.190}{QUEST\303O 44}{section*.148}% 188
\BOOKMARK [3][-]{section*.191}{QUEST\303O 45}{section*.148}% 189
\BOOKMARK [3][-]{section*.192}{QUEST\303O 46}{section*.148}% 190
\BOOKMARK [3][-]{section*.193}{QUEST\303O 47}{section*.148}% 191
\BOOKMARK [3][-]{section*.194}{QUEST\303O 48}{section*.148}% 192
\BOOKMARK [3][-]{section*.195}{QUEST\303O 49}{section*.148}% 193
\BOOKMARK [3][-]{section*.196}{QUEST\303O 50}{section*.148}% 194
\BOOKMARK [3][-]{section*.197}{QUEST\303O 51}{section*.148}% 195
\BOOKMARK [3][-]{section*.198}{QUEST\303O 52}{section*.148}% 196
\BOOKMARK [3][-]{section*.199}{QUEST\303O 53}{section*.148}% 197
\BOOKMARK [3][-]{section*.200}{QUEST\303O 54}{section*.148}% 198
\BOOKMARK [3][-]{section*.201}{QUEST\303O 55}{section*.148}% 199
\BOOKMARK [3][-]{section*.202}{QUEST\303O 56}{section*.148}% 200
\BOOKMARK [3][-]{section*.203}{QUEST\303O 57}{section*.148}% 201
\BOOKMARK [3][-]{section*.204}{QUEST\303O 58}{section*.148}% 202
\BOOKMARK [3][-]{section*.205}{QUEST\303O 59}{section*.148}% 203
\BOOKMARK [3][-]{section*.206}{QUEST\303O 60}{section*.148}% 204
\BOOKMARK [3][-]{section*.207}{QUEST\303O 61}{section*.148}% 205
\BOOKMARK [3][-]{section*.208}{QUEST\303O 62}{section*.148}% 206
\BOOKMARK [3][-]{section*.209}{QUEST\303O 63}{section*.148}% 207
\BOOKMARK [3][-]{section*.210}{QUEST\303O 64}{section*.148}% 208
\BOOKMARK [3][-]{section*.211}{QUEST\303O 65}{section*.148}% 209
\BOOKMARK [3][-]{section*.212}{QUEST\303O 66}{section*.148}% 210
\BOOKMARK [3][-]{section*.213}{QUEST\303O 67}{section*.148}% 211
\BOOKMARK [3][-]{section*.214}{QUEST\303O 68}{section*.148}% 212
\BOOKMARK [3][-]{section*.215}{QUEST\303O 69}{section*.148}% 213
\BOOKMARK [3][-]{section*.216}{QUEST\303O 70}{section*.148}% 214
\BOOKMARK [0][-]{chapter.4}{TEAC 2016}{part.1}% 215
\BOOKMARK [1][-]{section*.217}{QUEST\303O 01}{chapter.4}% 216
\BOOKMARK [2][-]{section*.218}{QUEST\303O 02}{section*.217}% 217
\BOOKMARK [3][-]{section*.219}{QUEST\303O 03}{section*.218}% 218
\BOOKMARK [3][-]{section*.220}{QUEST\303O 04}{section*.218}% 219
\BOOKMARK [3][-]{section*.221}{QUEST\303O 05}{section*.218}% 220
\BOOKMARK [3][-]{section*.222}{QUEST\303O 06 }{section*.218}% 221
\BOOKMARK [3][-]{section*.223}{QUEST\303O 07}{section*.218}% 222
\BOOKMARK [3][-]{section*.224}{QUEST\303O 08}{section*.218}% 223
\BOOKMARK [3][-]{section*.225}{QUEST\303O 09}{section*.218}% 224
\BOOKMARK [3][-]{section*.226}{QUEST\303O 10}{section*.218}% 225
\BOOKMARK [3][-]{section*.227}{QUEST\303O 11}{section*.218}% 226
\BOOKMARK [3][-]{section*.228}{QUEST\303O 12}{section*.218}% 227
\BOOKMARK [3][-]{section*.229}{QUEST\303O 13}{section*.218}% 228
\BOOKMARK [3][-]{section*.230}{QUEST\303O 14}{section*.218}% 229
\BOOKMARK [3][-]{section*.231}{QUEST\303O 15}{section*.218}% 230
\BOOKMARK [3][-]{section*.232}{QUEST\303O 16}{section*.218}% 231
\BOOKMARK [3][-]{section*.233}{QUEST\303O 17}{section*.218}% 232
\BOOKMARK [3][-]{section*.234}{QUEST\303O 18}{section*.218}% 233
\BOOKMARK [3][-]{section*.235}{QUEST\303O 19}{section*.218}% 234
\BOOKMARK [3][-]{section*.236}{QUEST\303O 20}{section*.218}% 235
\BOOKMARK [3][-]{section*.237}{QUEST\303O 21}{section*.218}% 236
\BOOKMARK [3][-]{section*.238}{QUEST\303O 22}{section*.218}% 237
\BOOKMARK [3][-]{section*.239}{QUEST\303O 23}{section*.218}% 238
\BOOKMARK [3][-]{section*.240}{QUEST\303O 24}{section*.218}% 239
\BOOKMARK [3][-]{section*.241}{QUEST\303O 25}{section*.218}% 240
\BOOKMARK [3][-]{section*.242}{QUEST\303O 26}{section*.218}% 241
\BOOKMARK [3][-]{section*.243}{QUEST\303O 27}{section*.218}% 242
\BOOKMARK [3][-]{section*.244}{QUEST\303O 28}{section*.218}% 243
\BOOKMARK [3][-]{section*.245}{QUEST\303O 29}{section*.218}% 244
\BOOKMARK [3][-]{section*.246}{QUEST\303O 30}{section*.218}% 245
\BOOKMARK [3][-]{section*.247}{QUEST\303O 31}{section*.218}% 246
\BOOKMARK [3][-]{section*.248}{QUEST\303O 32}{section*.218}% 247
\BOOKMARK [3][-]{section*.249}{QUEST\303O 33}{section*.218}% 248
\BOOKMARK [3][-]{section*.250}{QUEST\303O 34}{section*.218}% 249
\BOOKMARK [3][-]{section*.251}{QUEST\303O 35}{section*.218}% 250
\BOOKMARK [3][-]{section*.252}{QUEST\303O 36}{section*.218}% 251
\BOOKMARK [3][-]{section*.253}{QUEST\303O 37}{section*.218}% 252
\BOOKMARK [3][-]{section*.254}{QUEST\303O 38}{section*.218}% 253
\BOOKMARK [3][-]{section*.255}{QUEST\303O 39}{section*.218}% 254
\BOOKMARK [3][-]{section*.256}{QUEST\303O 40}{section*.218}% 255
\BOOKMARK [3][-]{section*.257}{QUEST\303O 41}{section*.218}% 256
\BOOKMARK [3][-]{section*.258}{QUEST\303O 42}{section*.218}% 257
\BOOKMARK [3][-]{section*.259}{QUEST\303O 43}{section*.218}% 258
\BOOKMARK [3][-]{section*.260}{QUEST\303O 44}{section*.218}% 259
\BOOKMARK [3][-]{section*.261}{QUEST\303O 45}{section*.218}% 260
\BOOKMARK [3][-]{section*.262}{QUEST\303O 46}{section*.218}% 261
\BOOKMARK [3][-]{section*.263}{QUEST\303O 47}{section*.218}% 262
\BOOKMARK [3][-]{section*.264}{QUEST\303O 48}{section*.218}% 263
\BOOKMARK [3][-]{section*.265}{QUEST\303O 49}{section*.218}% 264
\BOOKMARK [3][-]{section*.266}{QUEST\303O 50}{section*.218}% 265
\BOOKMARK [3][-]{section*.267}{QUEST\303O 51}{section*.218}% 266
\BOOKMARK [3][-]{section*.268}{QUEST\303O 52}{section*.218}% 267
\BOOKMARK [3][-]{section*.269}{QUEST\303O 53}{section*.218}% 268
\BOOKMARK [3][-]{section*.270}{QUEST\303O 54}{section*.218}% 269
\BOOKMARK [3][-]{section*.271}{QUEST\303O 55}{section*.218}% 270
\BOOKMARK [3][-]{section*.272}{QUEST\303O 56}{section*.218}% 271
\BOOKMARK [3][-]{section*.273}{QUEST\303O 57}{section*.218}% 272
\BOOKMARK [3][-]{section*.274}{QUEST\303O 58}{section*.218}% 273
\BOOKMARK [3][-]{section*.275}{QUEST\303O 59}{section*.218}% 274
\BOOKMARK [3][-]{section*.276}{QUEST\303O 60}{section*.218}% 275
\BOOKMARK [3][-]{section*.277}{QUEST\303O 61}{section*.218}% 276
\BOOKMARK [3][-]{section*.278}{QUEST\303O 62}{section*.218}% 277
\BOOKMARK [3][-]{section*.279}{QUEST\303O 63}{section*.218}% 278
\BOOKMARK [3][-]{section*.280}{QUEST\303O 64}{section*.218}% 279
\BOOKMARK [3][-]{section*.281}{QUEST\303O 65}{section*.218}% 280
\BOOKMARK [3][-]{section*.282}{QUEST\303O 66}{section*.218}% 281
\BOOKMARK [3][-]{section*.283}{QUEST\303O 67}{section*.218}% 282
\BOOKMARK [3][-]{section*.284}{QUEST\303O 68}{section*.218}% 283
\BOOKMARK [3][-]{section*.285}{QUEST\303O 69}{section*.218}% 284
\BOOKMARK [3][-]{section*.286}{QUEST\303O 70}{section*.218}% 285
\BOOKMARK [0][-]{chapter.5}{TEAC 2017}{part.1}% 286
\BOOKMARK [1][-]{section*.287}{QUEST\303O 01}{chapter.5}% 287
\BOOKMARK [2][-]{section*.288}{QUEST\303O 02}{section*.287}% 288
\BOOKMARK [3][-]{section*.289}{QUEST\303O 03}{section*.288}% 289
\BOOKMARK [3][-]{section*.290}{QUEST\303O 04}{section*.288}% 290
\BOOKMARK [3][-]{section*.291}{QUEST\303O 05}{section*.288}% 291
\BOOKMARK [3][-]{section*.292}{QUEST\303O 06}{section*.288}% 292
\BOOKMARK [3][-]{section*.293}{QUEST\303O 07}{section*.288}% 293
\BOOKMARK [3][-]{section*.294}{QUEST\303O 08}{section*.288}% 294
\BOOKMARK [3][-]{section*.295}{QUEST\303O 09}{section*.288}% 295
\BOOKMARK [3][-]{section*.296}{QUEST\303O 10}{section*.288}% 296
\BOOKMARK [3][-]{section*.297}{QUEST\303O 11}{section*.288}% 297
\BOOKMARK [3][-]{section*.298}{QUEST\303O 12}{section*.288}% 298
\BOOKMARK [3][-]{section*.299}{QUEST\303O 13}{section*.288}% 299
\BOOKMARK [3][-]{section*.300}{QUEST\303O 14}{section*.288}% 300
\BOOKMARK [3][-]{section*.301}{QUEST\303O 15}{section*.288}% 301
\BOOKMARK [3][-]{section*.302}{QUEST\303O 16}{section*.288}% 302
\BOOKMARK [3][-]{section*.303}{QUEST\303O 17}{section*.288}% 303
\BOOKMARK [3][-]{section*.304}{QUEST\303O 18}{section*.288}% 304
\BOOKMARK [3][-]{section*.305}{QUEST\303O 19}{section*.288}% 305
\BOOKMARK [3][-]{section*.306}{QUEST\303O 20}{section*.288}% 306
\BOOKMARK [3][-]{section*.307}{QUEST\303O 21}{section*.288}% 307
\BOOKMARK [3][-]{section*.308}{QUEST\303O 22}{section*.288}% 308
\BOOKMARK [3][-]{section*.309}{QUEST\303O 23}{section*.288}% 309
\BOOKMARK [3][-]{section*.310}{QUEST\303O 24}{section*.288}% 310
\BOOKMARK [3][-]{section*.311}{QUEST\303O 25}{section*.288}% 311
\BOOKMARK [3][-]{section*.312}{QUEST\303O 26}{section*.288}% 312
\BOOKMARK [3][-]{section*.313}{QUEST\303O 27}{section*.288}% 313
\BOOKMARK [3][-]{section*.314}{QUEST\303O 28}{section*.288}% 314
\BOOKMARK [3][-]{section*.315}{QUEST\303O 29}{section*.288}% 315
\BOOKMARK [3][-]{section*.316}{QUEST\303O 30}{section*.288}% 316
\BOOKMARK [3][-]{section*.317}{QUEST\303O 31}{section*.288}% 317
\BOOKMARK [3][-]{section*.318}{QUEST\303O 32}{section*.288}% 318
\BOOKMARK [3][-]{section*.319}{QUEST\303O 33}{section*.288}% 319
\BOOKMARK [3][-]{section*.320}{QUEST\303O 34}{section*.288}% 320
\BOOKMARK [3][-]{section*.321}{QUEST\303O 35}{section*.288}% 321
\BOOKMARK [3][-]{section*.322}{QUEST\303O 36}{section*.288}% 322
\BOOKMARK [3][-]{section*.323}{QUEST\303O 37}{section*.288}% 323
\BOOKMARK [3][-]{section*.324}{QUEST\303O 38}{section*.288}% 324
\BOOKMARK [3][-]{section*.325}{QUEST\303O 39}{section*.288}% 325
\BOOKMARK [3][-]{section*.326}{QUEST\303O 40}{section*.288}% 326
\BOOKMARK [3][-]{section*.327}{QUEST\303O 41}{section*.288}% 327
\BOOKMARK [3][-]{section*.328}{QUEST\303O 42}{section*.288}% 328
\BOOKMARK [3][-]{section*.329}{QUEST\303O 43}{section*.288}% 329
\BOOKMARK [3][-]{section*.330}{QUEST\303O 44}{section*.288}% 330
\BOOKMARK [3][-]{section*.331}{QUEST\303O 45}{section*.288}% 331
\BOOKMARK [3][-]{section*.332}{QUEST\303O 46}{section*.288}% 332
\BOOKMARK [3][-]{section*.333}{QUEST\303O 47}{section*.288}% 333
\BOOKMARK [3][-]{section*.334}{QUEST\303O 48}{section*.288}% 334
\BOOKMARK [3][-]{section*.335}{QUEST\303O 49}{section*.288}% 335
\BOOKMARK [3][-]{section*.336}{QUEST\303O 50}{section*.288}% 336
\BOOKMARK [3][-]{section*.337}{QUEST\303O 51}{section*.288}% 337
\BOOKMARK [3][-]{section*.338}{QUEST\303O 52}{section*.288}% 338
\BOOKMARK [3][-]{section*.339}{QUEST\303O 53}{section*.288}% 339
\BOOKMARK [3][-]{section*.340}{QUEST\303O 54}{section*.288}% 340
\BOOKMARK [3][-]{section*.341}{QUEST\303O 55}{section*.288}% 341
\BOOKMARK [3][-]{section*.342}{QUEST\303O 56}{section*.288}% 342
\BOOKMARK [3][-]{section*.343}{QUEST\303O 57}{section*.288}% 343
\BOOKMARK [3][-]{section*.344}{QUEST\303O 58}{section*.288}% 344
\BOOKMARK [3][-]{section*.345}{QUEST\303O 59}{section*.288}% 345
\BOOKMARK [3][-]{section*.346}{QUEST\303O 60}{section*.288}% 346
\BOOKMARK [3][-]{section*.347}{QUEST\303O 61}{section*.288}% 347
\BOOKMARK [3][-]{section*.348}{QUEST\303O 62}{section*.288}% 348
\BOOKMARK [3][-]{section*.349}{QUEST\303O 63}{section*.288}% 349
\BOOKMARK [3][-]{section*.350}{QUEST\303O 64}{section*.288}% 350
\BOOKMARK [3][-]{section*.351}{QUEST\303O 65}{section*.288}% 351
\BOOKMARK [3][-]{section*.352}{QUEST\303O 66}{section*.288}% 352
\BOOKMARK [3][-]{section*.353}{QUEST\303O 67}{section*.288}% 353
\BOOKMARK [3][-]{section*.354}{QUEST\303O 68}{section*.288}% 354
\BOOKMARK [3][-]{section*.355}{QUEST\303O 69}{section*.288}% 355
\BOOKMARK [3][-]{section*.356}{QUEST\303O 70}{section*.288}% 356
\BOOKMARK [0][-]{chapter.6}{TEAC 2018}{part.1}% 357
\BOOKMARK [1][-]{section*.357}{QUEST\303O 01}{chapter.6}% 358
\BOOKMARK [2][-]{section*.358}{QUEST\303O 02}{section*.357}% 359
\BOOKMARK [3][-]{section*.359}{QUEST\303O 03}{section*.358}% 360
\BOOKMARK [3][-]{section*.360}{QUEST\303O 04}{section*.358}% 361
\BOOKMARK [3][-]{section*.361}{QUEST\303O 05}{section*.358}% 362
\BOOKMARK [3][-]{section*.362}{QUEST\303O 06}{section*.358}% 363
\BOOKMARK [3][-]{section*.363}{QUEST\303O 07}{section*.358}% 364
\BOOKMARK [3][-]{section*.364}{QUEST\303O 08}{section*.358}% 365
\BOOKMARK [3][-]{section*.365}{QUEST\303O 09}{section*.358}% 366
\BOOKMARK [3][-]{section*.366}{QUEST\303O 10}{section*.358}% 367
\BOOKMARK [3][-]{section*.367}{QUEST\303O 11}{section*.358}% 368
\BOOKMARK [3][-]{section*.368}{QUEST\303O 12}{section*.358}% 369
\BOOKMARK [3][-]{section*.369}{QUEST\303O 13}{section*.358}% 370
\BOOKMARK [3][-]{section*.370}{QUEST\303O 14}{section*.358}% 371
\BOOKMARK [3][-]{section*.371}{QUEST\303O 15}{section*.358}% 372
\BOOKMARK [3][-]{section*.372}{QUEST\303O 16}{section*.358}% 373
\BOOKMARK [3][-]{section*.373}{QUEST\303O 17}{section*.358}% 374
\BOOKMARK [3][-]{section*.374}{QUEST\303O 18}{section*.358}% 375
\BOOKMARK [3][-]{section*.375}{QUEST\303O 19}{section*.358}% 376
\BOOKMARK [3][-]{section*.376}{QUEST\303O 20}{section*.358}% 377
\BOOKMARK [3][-]{section*.377}{QUEST\303O 21}{section*.358}% 378
\BOOKMARK [3][-]{section*.378}{QUEST\303O 22}{section*.358}% 379
\BOOKMARK [3][-]{section*.379}{QUEST\303O 23}{section*.358}% 380
\BOOKMARK [3][-]{section*.380}{QUEST\303O 24}{section*.358}% 381
\BOOKMARK [3][-]{section*.381}{QUEST\303O 25}{section*.358}% 382
\BOOKMARK [3][-]{section*.382}{QUEST\303O 26}{section*.358}% 383
\BOOKMARK [3][-]{section*.383}{QUEST\303O 27}{section*.358}% 384
\BOOKMARK [3][-]{section*.384}{QUEST\303O 28}{section*.358}% 385
\BOOKMARK [3][-]{section*.385}{QUEST\303O 29}{section*.358}% 386
\BOOKMARK [3][-]{section*.386}{QUEST\303O 30}{section*.358}% 387
\BOOKMARK [3][-]{section*.387}{QUEST\303O 31}{section*.358}% 388
\BOOKMARK [3][-]{section*.388}{QUEST\303O 32}{section*.358}% 389
\BOOKMARK [3][-]{section*.389}{QUEST\303O 33}{section*.358}% 390
\BOOKMARK [3][-]{section*.390}{QUEST\303O 34}{section*.358}% 391
\BOOKMARK [3][-]{section*.391}{QUEST\303O 35}{section*.358}% 392
\BOOKMARK [3][-]{section*.392}{QUEST\303O 36}{section*.358}% 393
\BOOKMARK [3][-]{section*.393}{QUEST\303O 37}{section*.358}% 394
\BOOKMARK [3][-]{section*.394}{QUEST\303O 38}{section*.358}% 395
\BOOKMARK [3][-]{section*.395}{QUEST\303O 39}{section*.358}% 396
\BOOKMARK [3][-]{section*.396}{QUEST\303O 40}{section*.358}% 397
\BOOKMARK [3][-]{section*.397}{QUEST\303O 41}{section*.358}% 398
\BOOKMARK [3][-]{section*.398}{QUEST\303O 42}{section*.358}% 399
\BOOKMARK [3][-]{section*.399}{QUEST\303O 43}{section*.358}% 400
\BOOKMARK [3][-]{section*.400}{QUEST\303O 44}{section*.358}% 401
\BOOKMARK [3][-]{section*.401}{QUEST\303O 45}{section*.358}% 402
\BOOKMARK [3][-]{section*.402}{QUEST\303O 46}{section*.358}% 403
\BOOKMARK [3][-]{section*.403}{QUEST\303O 47}{section*.358}% 404
\BOOKMARK [3][-]{section*.404}{QUEST\303O 48}{section*.358}% 405
\BOOKMARK [3][-]{section*.405}{QUEST\303O 49}{section*.358}% 406
\BOOKMARK [3][-]{section*.406}{QUEST\303O 50}{section*.358}% 407
\BOOKMARK [3][-]{section*.407}{QUEST\303O 51}{section*.358}% 408
\BOOKMARK [3][-]{section*.408}{QUEST\303O 52}{section*.358}% 409
\BOOKMARK [3][-]{section*.409}{QUEST\303O 53}{section*.358}% 410
\BOOKMARK [3][-]{section*.410}{QUEST\303O 54}{section*.358}% 411
\BOOKMARK [3][-]{section*.411}{QUEST\303O 55}{section*.358}% 412
\BOOKMARK [3][-]{section*.412}{QUEST\303O 56}{section*.358}% 413
\BOOKMARK [3][-]{section*.413}{QUEST\303O 57}{section*.358}% 414
\BOOKMARK [3][-]{section*.414}{QUEST\303O 58}{section*.358}% 415
\BOOKMARK [3][-]{section*.415}{QUEST\303O 59}{section*.358}% 416
\BOOKMARK [3][-]{section*.416}{QUEST\303O 60}{section*.358}% 417
\BOOKMARK [3][-]{section*.417}{QUEST\303O 61}{section*.358}% 418
\BOOKMARK [3][-]{section*.418}{QUEST\303O 62}{section*.358}% 419
\BOOKMARK [3][-]{section*.419}{QUEST\303O 63}{section*.358}% 420
\BOOKMARK [3][-]{section*.420}{QUEST\303O 64}{section*.358}% 421
\BOOKMARK [3][-]{section*.421}{QUEST\303O 65}{section*.358}% 422
\BOOKMARK [3][-]{section*.422}{QUEST\303O 66}{section*.358}% 423
\BOOKMARK [3][-]{section*.423}{QUEST\303O 67}{section*.358}% 424
\BOOKMARK [3][-]{section*.424}{QUEST\303O 68}{section*.358}% 425
\BOOKMARK [3][-]{section*.425}{QUEST\303O 69}{section*.358}% 426
\BOOKMARK [3][-]{section*.426}{QUEST\303O 70}{section*.358}% 427
\BOOKMARK [0][-]{chapter.7}{TEAC 2019}{part.1}% 428
\BOOKMARK [1][-]{section*.427}{QUEST\303O 01}{chapter.7}% 429
\BOOKMARK [2][-]{section*.428}{QUEST\303O 02}{section*.427}% 430
\BOOKMARK [3][-]{section*.429}{QUEST\303O 03}{section*.428}% 431
\BOOKMARK [3][-]{section*.430}{QUEST\303O 04}{section*.428}% 432
\BOOKMARK [3][-]{section*.431}{QUEST\303O 05}{section*.428}% 433
\BOOKMARK [3][-]{section*.432}{QUEST\303O 06}{section*.428}% 434
\BOOKMARK [3][-]{section*.433}{QUEST\303O 07}{section*.428}% 435
\BOOKMARK [3][-]{section*.434}{QUEST\303O 08}{section*.428}% 436
\BOOKMARK [3][-]{section*.435}{QUEST\303O 09}{section*.428}% 437
\BOOKMARK [3][-]{section*.436}{QUEST\303O 10}{section*.428}% 438
\BOOKMARK [3][-]{section*.437}{QUEST\303O 11}{section*.428}% 439
\BOOKMARK [3][-]{section*.438}{QUEST\303O 12}{section*.428}% 440
\BOOKMARK [3][-]{section*.439}{QUEST\303O 13}{section*.428}% 441
\BOOKMARK [3][-]{section*.440}{QUEST\303O 14}{section*.428}% 442
\BOOKMARK [3][-]{section*.441}{QUEST\303O 15}{section*.428}% 443
\BOOKMARK [3][-]{section*.442}{QUEST\303O 16}{section*.428}% 444
\BOOKMARK [3][-]{section*.443}{QUEST\303O 17}{section*.428}% 445
\BOOKMARK [3][-]{section*.444}{QUEST\303O 18}{section*.428}% 446
\BOOKMARK [3][-]{section*.445}{QUEST\303O 19}{section*.428}% 447
\BOOKMARK [3][-]{section*.446}{QUEST\303O 20}{section*.428}% 448
\BOOKMARK [3][-]{section*.447}{QUEST\303O 21}{section*.428}% 449
\BOOKMARK [3][-]{section*.448}{QUEST\303O 22}{section*.428}% 450
\BOOKMARK [3][-]{section*.449}{QUEST\303O 23}{section*.428}% 451
\BOOKMARK [3][-]{section*.450}{QUEST\303O 24}{section*.428}% 452
\BOOKMARK [3][-]{section*.451}{QUEST\303O 25}{section*.428}% 453
\BOOKMARK [3][-]{section*.452}{QUEST\303O 26}{section*.428}% 454
\BOOKMARK [3][-]{section*.453}{QUEST\303O 27}{section*.428}% 455
\BOOKMARK [3][-]{section*.454}{QUEST\303O 28}{section*.428}% 456
\BOOKMARK [3][-]{section*.455}{QUEST\303O 29}{section*.428}% 457
\BOOKMARK [3][-]{section*.456}{QUEST\303O 30}{section*.428}% 458
\BOOKMARK [3][-]{section*.457}{QUEST\303O 31}{section*.428}% 459
\BOOKMARK [3][-]{section*.458}{QUEST\303O 32}{section*.428}% 460
\BOOKMARK [3][-]{section*.459}{QUEST\303O 33}{section*.428}% 461
\BOOKMARK [3][-]{section*.460}{QUEST\303O 34}{section*.428}% 462
\BOOKMARK [3][-]{section*.461}{QUEST\303O 35}{section*.428}% 463
\BOOKMARK [3][-]{section*.462}{QUEST\303O 36}{section*.428}% 464
\BOOKMARK [3][-]{section*.463}{QUEST\303O 37}{section*.428}% 465
\BOOKMARK [3][-]{section*.464}{QUEST\303O 38}{section*.428}% 466
\BOOKMARK [3][-]{section*.465}{QUEST\303O 39}{section*.428}% 467
\BOOKMARK [3][-]{section*.466}{QUEST\303O 40}{section*.428}% 468
\BOOKMARK [3][-]{section*.467}{QUEST\303O 41}{section*.428}% 469
\BOOKMARK [3][-]{section*.468}{QUEST\303O 42}{section*.428}% 470
\BOOKMARK [3][-]{section*.469}{QUEST\303O 43}{section*.428}% 471
\BOOKMARK [3][-]{section*.470}{QUEST\303O 44}{section*.428}% 472
\BOOKMARK [3][-]{section*.471}{QUEST\303O 45}{section*.428}% 473
\BOOKMARK [3][-]{section*.472}{QUEST\303O 46}{section*.428}% 474
\BOOKMARK [3][-]{section*.473}{QUEST\303O 47}{section*.428}% 475
\BOOKMARK [3][-]{section*.474}{QUEST\303O 48}{section*.428}% 476
\BOOKMARK [3][-]{section*.475}{QUEST\303O 49}{section*.428}% 477
\BOOKMARK [3][-]{section*.476}{QUEST\303O 50}{section*.428}% 478
\BOOKMARK [3][-]{section*.477}{QUEST\303O 51}{section*.428}% 479
\BOOKMARK [3][-]{section*.478}{QUEST\303O 52}{section*.428}% 480
\BOOKMARK [3][-]{section*.479}{QUEST\303O 53}{section*.428}% 481
\BOOKMARK [3][-]{section*.480}{QUEST\303O 54}{section*.428}% 482
\BOOKMARK [3][-]{section*.481}{QUEST\303O 55}{section*.428}% 483
\BOOKMARK [3][-]{section*.482}{QUEST\303O 56}{section*.428}% 484
\BOOKMARK [3][-]{section*.483}{QUEST\303O 57}{section*.428}% 485
\BOOKMARK [3][-]{section*.484}{QUEST\303O 58}{section*.428}% 486
\BOOKMARK [3][-]{section*.485}{QUEST\303O 59}{section*.428}% 487
\BOOKMARK [3][-]{section*.486}{QUEST\303O 60}{section*.428}% 488
\BOOKMARK [3][-]{section*.487}{QUEST\303O 61}{section*.428}% 489
\BOOKMARK [3][-]{section*.488}{QUEST\303O 62}{section*.428}% 490
\BOOKMARK [3][-]{section*.489}{QUEST\303O 63}{section*.428}% 491
\BOOKMARK [3][-]{section*.490}{QUEST\303O 64}{section*.428}% 492
\BOOKMARK [3][-]{section*.491}{QUEST\303O 65}{section*.428}% 493
\BOOKMARK [3][-]{section*.492}{QUEST\303O 66}{section*.428}% 494
\BOOKMARK [3][-]{section*.493}{QUEST\303O 67}{section*.428}% 495
\BOOKMARK [3][-]{section*.494}{QUEST\303O 68}{section*.428}% 496
\BOOKMARK [3][-]{section*.495}{QUEST\303O 69}{section*.428}% 497
\BOOKMARK [3][-]{section*.496}{QUEST\303O 70}{section*.428}% 498
\BOOKMARK [0][-]{chapter.8}{TEAC 2020}{part.1}% 499
\BOOKMARK [1][-]{section*.497}{QUEST\303O 01}{chapter.8}% 500
\BOOKMARK [2][-]{section*.498}{QUEST\303O 02}{section*.497}% 501
\BOOKMARK [3][-]{section*.499}{QUEST\303O 03}{section*.498}% 502
\BOOKMARK [3][-]{section*.500}{QUEST\303O 04}{section*.498}% 503
\BOOKMARK [3][-]{section*.501}{QUEST\303O 05}{section*.498}% 504
\BOOKMARK [3][-]{section*.502}{QUEST\303O 06}{section*.498}% 505
\BOOKMARK [3][-]{section*.503}{QUEST\303O 07}{section*.498}% 506
\BOOKMARK [3][-]{section*.504}{QUEST\303O 08}{section*.498}% 507
\BOOKMARK [3][-]{section*.505}{QUEST\303O 09}{section*.498}% 508
\BOOKMARK [3][-]{section*.506}{QUEST\303O 10}{section*.498}% 509
\BOOKMARK [3][-]{section*.507}{QUEST\303O 11}{section*.498}% 510
\BOOKMARK [3][-]{section*.508}{QUEST\303O 12}{section*.498}% 511
\BOOKMARK [3][-]{section*.509}{QUEST\303O 13}{section*.498}% 512
\BOOKMARK [3][-]{section*.510}{QUEST\303O 14}{section*.498}% 513
\BOOKMARK [3][-]{section*.511}{QUEST\303O 15}{section*.498}% 514
\BOOKMARK [3][-]{section*.512}{QUEST\303O 16}{section*.498}% 515
\BOOKMARK [3][-]{section*.513}{QUEST\303O 17}{section*.498}% 516
\BOOKMARK [3][-]{section*.514}{QUEST\303O 18}{section*.498}% 517
\BOOKMARK [3][-]{section*.515}{QUEST\303O 19}{section*.498}% 518
\BOOKMARK [3][-]{section*.516}{QUEST\303O 20}{section*.498}% 519
\BOOKMARK [3][-]{section*.517}{QUEST\303O 21}{section*.498}% 520
\BOOKMARK [3][-]{section*.518}{QUEST\303O 22}{section*.498}% 521
\BOOKMARK [3][-]{section*.519}{QUEST\303O 23}{section*.498}% 522
\BOOKMARK [3][-]{section*.520}{QUEST\303O 24}{section*.498}% 523
\BOOKMARK [3][-]{section*.521}{QUEST\303O 25}{section*.498}% 524
\BOOKMARK [3][-]{section*.522}{QUEST\303O 26}{section*.498}% 525
\BOOKMARK [3][-]{section*.523}{QUEST\303O 27}{section*.498}% 526
\BOOKMARK [3][-]{section*.524}{QUEST\303O 28}{section*.498}% 527
\BOOKMARK [3][-]{section*.525}{QUEST\303O 29}{section*.498}% 528
\BOOKMARK [3][-]{section*.526}{QUEST\303O 30}{section*.498}% 529
\BOOKMARK [3][-]{section*.527}{QUEST\303O 31}{section*.498}% 530
\BOOKMARK [3][-]{section*.528}{QUEST\303O 32}{section*.498}% 531
\BOOKMARK [3][-]{section*.529}{QUEST\303O 33}{section*.498}% 532
\BOOKMARK [3][-]{section*.530}{QUEST\303O 34}{section*.498}% 533
\BOOKMARK [3][-]{section*.531}{QUEST\303O 35}{section*.498}% 534
\BOOKMARK [3][-]{section*.532}{QUEST\303O 36}{section*.498}% 535
\BOOKMARK [3][-]{section*.533}{QUEST\303O 37}{section*.498}% 536
\BOOKMARK [3][-]{section*.534}{QUEST\303O 38}{section*.498}% 537
\BOOKMARK [3][-]{section*.535}{QUEST\303O 39}{section*.498}% 538
\BOOKMARK [3][-]{section*.536}{QUEST\303O 40}{section*.498}% 539
\BOOKMARK [3][-]{section*.537}{QUEST\303O 41}{section*.498}% 540
\BOOKMARK [3][-]{section*.538}{QUEST\303O 42}{section*.498}% 541
\BOOKMARK [3][-]{section*.539}{QUEST\303O 43}{section*.498}% 542
\BOOKMARK [3][-]{section*.540}{QUEST\303O 44}{section*.498}% 543
\BOOKMARK [3][-]{section*.541}{QUEST\303O 45}{section*.498}% 544
\BOOKMARK [3][-]{section*.542}{QUEST\303O 46}{section*.498}% 545
\BOOKMARK [3][-]{section*.543}{QUEST\303O 47}{section*.498}% 546
\BOOKMARK [3][-]{section*.544}{QUEST\303O 48}{section*.498}% 547
\BOOKMARK [3][-]{section*.545}{QUEST\303O 49}{section*.498}% 548
\BOOKMARK [3][-]{section*.546}{QUEST\303O 50}{section*.498}% 549
\BOOKMARK [3][-]{section*.547}{QUEST\303O 51}{section*.498}% 550
\BOOKMARK [3][-]{section*.548}{QUEST\303O 52}{section*.498}% 551
\BOOKMARK [3][-]{section*.549}{QUEST\303O 53}{section*.498}% 552
\BOOKMARK [3][-]{section*.550}{QUEST\303O 54}{section*.498}% 553
\BOOKMARK [3][-]{section*.551}{QUEST\303O 55}{section*.498}% 554
\BOOKMARK [3][-]{section*.552}{QUEST\303O 56}{section*.498}% 555
\BOOKMARK [3][-]{section*.553}{QUEST\303O 57}{section*.498}% 556
\BOOKMARK [3][-]{section*.554}{QUEST\303O 58}{section*.498}% 557
\BOOKMARK [3][-]{section*.555}{QUEST\303O 59}{section*.498}% 558
\BOOKMARK [3][-]{section*.556}{QUEST\303O 60}{section*.498}% 559
\BOOKMARK [3][-]{section*.557}{QUEST\303O 61}{section*.498}% 560
\BOOKMARK [3][-]{section*.558}{QUEST\303O 62}{section*.498}% 561
\BOOKMARK [3][-]{section*.559}{QUEST\303O 63}{section*.498}% 562
\BOOKMARK [3][-]{section*.560}{QUEST\303O 64}{section*.498}% 563
\BOOKMARK [3][-]{section*.561}{QUEST\303O 65}{section*.498}% 564
\BOOKMARK [3][-]{section*.562}{QUEST\303O 67}{section*.498}% 565
\BOOKMARK [3][-]{section*.563}{QUEST\303O 68}{section*.498}% 566
\BOOKMARK [3][-]{section*.564}{QUEST\303O 69}{section*.498}% 567
\BOOKMARK [3][-]{section*.565}{QUEST\303O 70}{section*.498}% 568
\BOOKMARK [0][-]{chapter.9}{Acupontos}{part.1}% 569
\BOOKMARK [0][-]{chapter.10}{Auriculoterapia Chinesa}{part.1}% 570
\BOOKMARK [0][-]{chapter.11}{Eletroacupuntura}{part.1}% 571
\BOOKMARK [0][-]{part*.568}{Refer\352ncias}{part.1}% 572
